[    0.000000] Initializing cgroup subsys cpuset
[    0.000000] Initializing cgroup subsys cpu
[    0.000000] Initializing cgroup subsys cpuacct
[    0.000000] Linux version 4.4.0-66-generic (buildd@lgw01-28) (gcc version 5.4.0 20160609 (Ubuntu 5.4.0-6ubuntu1~16.04.4) ) #87-Ubuntu SMP Fri Mar 3 15:29:05 UTC 2017 (Ubuntu 4.4.0-66.87-generic 4.4.44)
[    0.000000] Command line: BOOT_IMAGE=/boot/vmlinuz-4.4.0-66-generic root=UUID=730d2981-a991-47cf-bafe-eb78708352bd ro console=tty1 console=ttyS0
[    0.000000] KERNEL supported cpus:
[    0.000000]   Intel GenuineIntel
[    0.000000]   AMD AuthenticAMD
[    0.000000]   Centaur CentaurHauls
[    0.000000] x86/fpu: xstate_offset[2]:  576, xstate_sizes[2]:  256
[    0.000000] x86/fpu: Supporting XSAVE feature 0x01: 'x87 floating point registers'
[    0.000000] x86/fpu: Supporting XSAVE feature 0x02: 'SSE registers'
[    0.000000] x86/fpu: Supporting XSAVE feature 0x04: 'AVX registers'
[    0.000000] x86/fpu: Enabled xstate features 0x7, context size is 832 bytes, using 'standard' format.
[    0.000000] x86/fpu: Using 'lazy' FPU context switches.
[    0.000000] e820: BIOS-provided physical RAM map:
[    0.000000] BIOS-e820: [mem 0x0000000000000000-0x000000000009fbff] usable
[    0.000000] BIOS-e820: [mem 0x000000000009fc00-0x000000000009ffff] reserved
[    0.000000] BIOS-e820: [mem 0x00000000000f0000-0x00000000000fffff] reserved
[    0.000000] BIOS-e820: [mem 0x0000000000100000-0x00000000dffeffff] usable
[    0.000000] BIOS-e820: [mem 0x00000000dfff0000-0x00000000dfffffff] ACPI data
[    0.000000] BIOS-e820: [mem 0x00000000fec00000-0x00000000fec00fff] reserved
[    0.000000] BIOS-e820: [mem 0x00000000fee00000-0x00000000fee00fff] reserved
[    0.000000] BIOS-e820: [mem 0x00000000fffc0000-0x00000000ffffffff] reserved
[    0.000000] BIOS-e820: [mem 0x0000000100000000-0x0000000293ffffff] usable
[    0.000000] NX (Execute Disable) protection: active
[    0.000000] SMBIOS 2.5 present.
[    0.000000] Hypervisor detected: KVM
[    0.000000] e820: last_pfn = 0x294000 max_arch_pfn = 0x400000000
[    0.000000] MTRR: Disabled
[    0.000000] x86/PAT: MTRRs disabled, skipping PAT initialization too.
[    0.000000] x86/PAT: Configuration [0-7]: WB  WT  UC- UC  WB  WT  UC- UC  
[    0.000000] CPU MTRRs all blank - virtualized system.
[    0.000000] e820: last_pfn = 0xdfff0 max_arch_pfn = 0x400000000
[    0.000000] found SMP MP-table at [mem 0x0009fff0-0x0009ffff] mapped at [ffff88000009fff0]
[    0.000000] Scanning 1 areas for low memory corruption
[    0.000000] RAMDISK: [mem 0x36236000-0x37112fff]
[    0.000000] ACPI: Early table checksum verification disabled
[    0.000000] ACPI: RSDP 0x00000000000E0000 000024 (v02 VBOX  )
[    0.000000] ACPI: XSDT 0x00000000DFFF0030 00003C (v01 VBOX   VBOXXSDT 00000001 ASL  00000061)
[    0.000000] ACPI: FACP 0x00000000DFFF00F0 0000F4 (v04 VBOX   VBOXFACP 00000001 ASL  00000061)
[    0.000000] ACPI: DSDT 0x00000000DFFF0470 00210F (v01 VBOX   VBOXBIOS 00000002 INTL 20100528)
[    0.000000] ACPI: FACS 0x00000000DFFF0200 000040
[    0.000000] ACPI: FACS 0x00000000DFFF0200 000040
[    0.000000] ACPI: APIC 0x00000000DFFF0240 00005C (v02 VBOX   VBOXAPIC 00000001 ASL  00000061)
[    0.000000] ACPI: SSDT 0x00000000DFFF02A0 0001CC (v01 VBOX   VBOXCPUT 00000002 INTL 20100528)
[    0.000000] No NUMA configuration found
[    0.000000] Faking a node at [mem 0x0000000000000000-0x0000000293ffffff]
[    0.000000] NODE_DATA(0) allocated [mem 0x293ff3000-0x293ff7fff]
[    0.000000] kvm-clock: Using msrs 4b564d01 and 4b564d00
[    0.000000] kvm-clock: cpu 0, msr 2:93feb001, primary cpu clock
[    0.000000] kvm-clock: using sched offset of 3149261275 cycles
[    0.000000] clocksource: kvm-clock: mask: 0xffffffffffffffff max_cycles: 0x1cd42e4dffb, max_idle_ns: 881590591483 ns
[    0.000000] Zone ranges:
[    0.000000]   DMA      [mem 0x0000000000001000-0x0000000000ffffff]
[    0.000000]   DMA32    [mem 0x0000000001000000-0x00000000ffffffff]
[    0.000000]   Normal   [mem 0x0000000100000000-0x0000000293ffffff]
[    0.000000]   Device   empty
[    0.000000] Movable zone start for each node
[    0.000000] Early memory node ranges
[    0.000000]   node   0: [mem 0x0000000000001000-0x000000000009efff]
[    0.000000]   node   0: [mem 0x0000000000100000-0x00000000dffeffff]
[    0.000000]   node   0: [mem 0x0000000100000000-0x0000000293ffffff]
[    0.000000] Initmem setup node 0 [mem 0x0000000000001000-0x0000000293ffffff]
[    0.000000] ACPI: PM-Timer IO Port: 0x4008
[    0.000000] IOAPIC[0]: apic_id 2, version 32, address 0xfec00000, GSI 0-23
[    0.000000] ACPI: INT_SRC_OVR (bus 0 bus_irq 0 global_irq 2 dfl dfl)
[    0.000000] ACPI: INT_SRC_OVR (bus 0 bus_irq 9 global_irq 9 high level)
[    0.000000] Using ACPI (MADT) for SMP configuration information
[    0.000000] smpboot: Allowing 2 CPUs, 0 hotplug CPUs
[    0.000000] PM: Registered nosave memory: [mem 0x00000000-0x00000fff]
[    0.000000] PM: Registered nosave memory: [mem 0x0009f000-0x0009ffff]
[    0.000000] PM: Registered nosave memory: [mem 0x000a0000-0x000effff]
[    0.000000] PM: Registered nosave memory: [mem 0x000f0000-0x000fffff]
[    0.000000] PM: Registered nosave memory: [mem 0xdfff0000-0xdfffffff]
[    0.000000] PM: Registered nosave memory: [mem 0xe0000000-0xfebfffff]
[    0.000000] PM: Registered nosave memory: [mem 0xfec00000-0xfec00fff]
[    0.000000] PM: Registered nosave memory: [mem 0xfec01000-0xfedfffff]
[    0.000000] PM: Registered nosave memory: [mem 0xfee00000-0xfee00fff]
[    0.000000] PM: Registered nosave memory: [mem 0xfee01000-0xfffbffff]
[    0.000000] PM: Registered nosave memory: [mem 0xfffc0000-0xffffffff]
[    0.000000] e820: [mem 0xe0000000-0xfebfffff] available for PCI devices
[    0.000000] Booting paravirtualized kernel on KVM
[    0.000000] clocksource: refined-jiffies: mask: 0xffffffff max_cycles: 0xffffffff, max_idle_ns: 7645519600211568 ns
[    0.000000] setup_percpu: NR_CPUS:512 nr_cpumask_bits:512 nr_cpu_ids:2 nr_node_ids:1
[    0.000000] PERCPU: Embedded 33 pages/cpu @ffff880293c00000 s98264 r8192 d28712 u1048576
[    0.000000] PV qspinlock hash table entries: 256 (order: 0, 4096 bytes)
[    0.000000] Built 1 zonelists in Node order, mobility grouping on.  Total pages: 2531961
[    0.000000] Policy zone: Normal
[    0.000000] Kernel command line: BOOT_IMAGE=/boot/vmlinuz-4.4.0-66-generic root=UUID=730d2981-a991-47cf-bafe-eb78708352bd ro console=tty1 console=ttyS0
[    0.000000] PID hash table entries: 4096 (order: 3, 32768 bytes)
[    0.000000] Memory: 10026444K/10288696K available (8452K kernel code, 1293K rwdata, 3980K rodata, 1488K init, 1316K bss, 262252K reserved, 0K cma-reserved)
[    0.000000] SLUB: HWalign=64, Order=0-3, MinObjects=0, CPUs=2, Nodes=1
[    0.000000] Hierarchical RCU implementation.
[    0.000000] 	Build-time adjustment of leaf fanout to 64.
[    0.000000] 	RCU restricting CPUs from NR_CPUS=512 to nr_cpu_ids=2.
[    0.000000] RCU: Adjusting geometry for rcu_fanout_leaf=64, nr_cpu_ids=2
[    0.000000] NR_IRQS:33024 nr_irqs:440 16
[    0.000000] Console: colour VGA+ 80x25
[    0.000000] console [tty1] enabled
[    0.000000] console [ttyS0] enabled
[    0.000000] tsc: Detected 3497.976 MHz processor
[    5.697647] Calibrating delay loop (skipped) preset value.. 6995.95 BogoMIPS (lpj=13991904)
[    5.740313] pid_max: default: 32768 minimum: 301
[    5.771368] ACPI: Core revision 20150930
[    5.800631] ACPI: 2 ACPI AML tables successfully acquired and loaded
[    5.811421] Security Framework initialized
[    5.869346] Yama: becoming mindful.
[    5.880078] AppArmor: AppArmor initialized
[    5.915160] Dentry cache hash table entries: 2097152 (order: 12, 16777216 bytes)
[    5.987605] Inode-cache hash table entries: 1048576 (order: 11, 8388608 bytes)
[    6.083756] Mount-cache hash table entries: 32768 (order: 6, 262144 bytes)
[    6.165353] Mountpoint-cache hash table entries: 32768 (order: 6, 262144 bytes)
[    6.211780] Initializing cgroup subsys io
[    6.256005] Initializing cgroup subsys memory
[    6.292003] Initializing cgroup subsys devices
[    6.305780] Initializing cgroup subsys freezer
[    6.328102] Initializing cgroup subsys net_cls
[    6.391292] Initializing cgroup subsys perf_event
[    6.414556] Initializing cgroup subsys net_prio
[    6.416728] Initializing cgroup subsys hugetlb
[    6.418480] Initializing cgroup subsys pids
[    6.435535] CPU: Physical Processor ID: 0
[    6.450784] CPU: Processor Core ID: 0
[    6.477124] mce: CPU supports 0 MCE banks
[    6.497309] Last level iTLB entries: 4KB 1024, 2MB 1024, 4MB 1024
[    6.510348] Last level dTLB entries: 4KB 1024, 2MB 1024, 4MB 1024, 1GB 4
[    6.555000] Freeing SMP alternatives memory: 32K (ffffffff820b9000 - ffffffff820c1000)
[    6.595241] ftrace: allocating 32123 entries in 126 pages
[    6.659013] smpboot: APIC(0) Converting physical 0 to logical package 0
[    6.681923] smpboot: Max logical packages: 1
[    6.739894] x2apic enabled
[    6.759857] Switched APIC routing to physical x2apic.
[    6.802765] ..TIMER: vector=0x30 apic1=0 pin1=2 apic2=-1 pin2=-1
[    6.921208] smpboot: CPU0: Intel(R) Core(TM) i7-5930K CPU @ 3.50GHz (family: 0x6, model: 0x3f, stepping: 0x2)
[    7.053133] Performance Events: unsupported p6 CPU model 63 no PMU driver, software events only.
[    7.102119] KVM setup paravirtual spinlock
[    7.154505] x86: Booting SMP configuration:
[    7.180284] .... node  #0, CPUs:      #1
[    7.183795] kvm-clock: cpu 1, msr 2:93feb041, secondary cpu clock
[    7.221540] mce: CPU supports 0 MCE banks
[    7.246724] x86: Booted up 1 node, 2 CPUs
[    7.306728] smpboot: Total of 2 processors activated (13991.90 BogoMIPS)
[    7.360451] devtmpfs: initialized
[    7.388562] evm: security.selinux
[    7.420763] evm: security.SMACK64
[    7.461278] evm: security.SMACK64EXEC
[    7.510947] evm: security.SMACK64TRANSMUTE
[    7.572950] evm: security.SMACK64MMAP
[    7.613411] evm: security.ima
[    7.649049] evm: security.capability
[    7.697405] clocksource: jiffies: mask: 0xffffffff max_cycles: 0xffffffff, max_idle_ns: 7645041785100000 ns
[    7.770661] pinctrl core: initialized pinctrl subsystem
[    7.817287] RTC time: 15:13:08, date: 03/23/17
[    7.877137] NET: Registered protocol family 16
[    7.926231] cpuidle: using governor ladder
[    7.986340] cpuidle: using governor menu
[    8.009345] PCCT header not found.
[    8.035273] ACPI: bus type PCI registered
[    8.072847] acpiphp: ACPI Hot Plug PCI Controller Driver version: 0.5
[    8.132963] PCI: Using configuration type 1 for base access
[    8.242693] ACPI: Added _OSI(Module Device)
[    8.295701] ACPI: Added _OSI(Processor Device)
[    8.345664] ACPI: Added _OSI(3.0 _SCP Extensions)
[    8.353551] ACPI: Added _OSI(Processor Aggregator Device)
[    8.354853] ACPI: Executed 1 blocks of module-level executable AML code
[    8.421832] ACPI: Interpreter enabled
[    8.432534] ACPI: (supports S0 S5)
[    8.488883] ACPI: Using IOAPIC for interrupt routing
[    8.550166] PCI: Using host bridge windows from ACPI; if necessary, use "pci=nocrs" and report a bug
[    8.658316] ACPI: PCI Root Bridge [PCI0] (domain 0000 [bus 00-ff])
[    8.682214] acpi PNP0A03:00: _OSC: OS supports [ASPM ClockPM Segments MSI]
[    8.721303] acpi PNP0A03:00: _OSC failed (AE_NOT_FOUND); disabling ASPM
[    8.819917] acpi PNP0A03:00: fail to add MMCONFIG information, can't access extended PCI configuration space under this bridge.
[    8.974160] PCI host bridge to bus 0000:00
[    8.988404] pci_bus 0000:00: root bus resource [io  0x0000-0x0cf7 window]
[    8.993936] pci_bus 0000:00: root bus resource [io  0x0d00-0xffff window]
[    9.033403] pci_bus 0000:00: root bus resource [mem 0x000a0000-0x000bffff window]
[    9.125170] pci_bus 0000:00: root bus resource [mem 0xe0000000-0xffdfffff window]
[    9.255784] pci_bus 0000:00: root bus resource [bus 00-ff]
[    9.304063] pci 0000:00:01.1: legacy IDE quirk: reg 0x10: [io  0x01f0-0x01f7]
[    9.392497] pci 0000:00:01.1: legacy IDE quirk: reg 0x14: [io  0x03f6]
[    9.438612] pci 0000:00:01.1: legacy IDE quirk: reg 0x18: [io  0x0170-0x0177]
[    9.452563] pci 0000:00:01.1: legacy IDE quirk: reg 0x1c: [io  0x0376]
[    9.615429] pci 0000:00:07.0: quirk: [io  0x4000-0x403f] claimed by PIIX4 ACPI
[    9.643424] pci 0000:00:07.0: quirk: [io  0x4100-0x410f] claimed by PIIX4 SMB
[    9.724721] ACPI: PCI Interrupt Link [LNKA] (IRQs 5 9 10 *11)
[    9.771386] ACPI: PCI Interrupt Link [LNKB] (IRQs 5 9 10 *11)
[    9.799921] ACPI: PCI Interrupt Link [LNKC] (IRQs 5 9 *10 11)
[    9.899661] ACPI: PCI Interrupt Link [LNKD] (IRQs 5 *9 10 11)
[    9.942337] ACPI: Enabled 2 GPEs in block 00 to 07
[    9.943278] vgaarb: setting as boot device: PCI:0000:00:02.0
[    9.952999] vgaarb: device added: PCI:0000:00:02.0,decodes=io+mem,owns=io+mem,locks=none
[    9.954187] vgaarb: loaded
[    9.963620] vgaarb: bridge control possible 0000:00:02.0
[   10.030448] SCSI subsystem initialized
[   10.071662] ACPI: bus type USB registered
[   10.124394] usbcore: registered new interface driver usbfs
[   10.157314] usbcore: registered new interface driver hub
[   10.206055] usbcore: registered new device driver usb
[   10.271904] PCI: Using ACPI for IRQ routing
[   10.322514] NetLabel: Initializing
[   10.375610] NetLabel:  domain hash size = 128
[   10.427522] NetLabel:  protocols = UNLABELED CIPSOv4
[   10.487523] NetLabel:  unlabeled traffic allowed by default
[   10.582776] amd_nb: Cannot enumerate AMD northbridges
[   10.661928] clocksource: Switched to clocksource kvm-clock
[   10.751868] AppArmor: AppArmor Filesystem Enabled
[   10.788746] pnp: PnP ACPI init
[   10.790144] pnp: PnP ACPI: found 3 devices
[   10.812502] clocksource: acpi_pm: mask: 0xffffff max_cycles: 0xffffff, max_idle_ns: 2085701024 ns
[   10.876727] NET: Registered protocol family 2
[   10.898519] TCP established hash table entries: 131072 (order: 8, 1048576 bytes)
[   10.929399] TCP bind hash table entries: 65536 (order: 8, 1048576 bytes)
[   10.975595] TCP: Hash tables configured (established 131072 bind 65536)
[   10.996286] UDP hash table entries: 8192 (order: 6, 262144 bytes)
[   11.086504] UDP-Lite hash table entries: 8192 (order: 6, 262144 bytes)
[   11.159372] NET: Registered protocol family 1
[   11.179054] pci 0000:00:00.0: Limiting direct PCI/PCI transfers
[   11.315309] pci 0000:00:01.0: Activating ISA DMA hang workarounds
[   11.421045] Trying to unpack rootfs image as initramfs...
[   11.633697] Freeing initrd memory: 15220K (ffff880036236000 - ffff880037113000)
[   11.693853] PCI-DMA: Using software bounce buffering for IO (SWIOTLB)
[   11.716381] software IO TLB [mem 0xdbff0000-0xdfff0000] (64MB) mapped at [ffff8800dbff0000-ffff8800dffeffff]
[   11.849225] RAPL PMU detected, API unit is 2^-32 Joules, 3 fixed counters 10737418240 ms ovfl timer
[   11.911676] hw unit of domain pp0-core 2^-0 Joules
[   11.947729] hw unit of domain package 2^-0 Joules
[   11.990895] hw unit of domain dram 2^-16 Joules
[   12.035377] platform rtc_cmos: registered platform RTC device (no PNP device found)
[   12.102307] Scanning for low memory corruption every 60 seconds
[   12.134866] futex hash table entries: 512 (order: 3, 32768 bytes)
[   12.170998] audit: initializing netlink subsys (disabled)
[   12.197622] audit: type=2000 audit(1490281988.187:1): initialized
[   12.243579] Initialise system trusted keyring
[   12.264361] HugeTLB registered 2 MB page size, pre-allocated 0 pages
[   12.328416] zbud: loaded
[   12.381569] VFS: Disk quotas dquot_6.6.0
[   12.435479] VFS: Dquot-cache hash table entries: 512 (order 0, 4096 bytes)
[   12.512869] squashfs: version 4.0 (2009/01/31) Phillip Lougher
[   12.650627] fuse init (API version 7.23)
[   12.654114] Key type big_key registered
[   12.654746] Allocating IMA MOK and blacklist keyrings.
[   12.673847] Key type asymmetric registered
[   12.686933] Asymmetric key parser 'x509' registered
[   12.687698] Block layer SCSI generic (bsg) driver version 0.4 loaded (major 249)
[   12.700890] io scheduler noop registered
[   12.714120] io scheduler deadline registered (default)
[   12.714884] io scheduler cfq registered
[   12.717577] pci_hotplug: PCI Hot Plug PCI Core version: 0.5
[   12.764370] pciehp: PCI Express Hot Plug Controller Driver version: 0.4
[   12.787294] ACPI: AC Adapter [AC] (on-line)
[   12.787967] input: Power Button as /devices/LNXSYSTM:00/LNXPWRBN:00/input/input0
[   12.862860] ACPI: Power Button [PWRF]
[   12.870426] input: Sleep Button as /devices/LNXSYSTM:00/LNXSLPBN:00/input/input1
[   12.879174] ACPI: Sleep Button [SLPF]
[   12.904845] GHES: HEST is not enabled!
[   12.936571] Serial: 8250/16550 driver, 32 ports, IRQ sharing enabled
[   12.973251] 00:02: ttyS0 at I/O 0x3f8 (irq = 4, base_baud = 115200) is a 16550A
[   12.994815] Linux agpgart interface v0.103
[   13.029842] brd: module loaded
[   13.056876] tsc: Refined TSC clocksource calibration: 3500.041 MHz
[   13.130282] clocksource: tsc: mask: 0xffffffffffffffff max_cycles: 0x32737801149, max_idle_ns: 440795339891 ns
[   13.215433] loop: module loaded
[   13.273225] scsi host0: ata_piix
[   13.343525] scsi host1: ata_piix
[   13.424183] ata1: PATA max UDMA/33 cmd 0x1f0 ctl 0x3f6 bmdma 0xd000 irq 14
[   13.578458] ata2: PATA max UDMA/33 cmd 0x170 ctl 0x376 bmdma 0xd008 irq 15
[   13.606350] libphy: Fixed MDIO Bus: probed
[   13.687380] tun: Universal TUN/TAP device driver, 1.6
[   13.810116] tun: (C) 1999-2004 Max Krasnyansky <maxk@qualcomm.com>
[   13.952015] PPP generic driver version 2.4.2
[   13.977276] ehci_hcd: USB 2.0 'Enhanced' Host Controller (EHCI) Driver
[   14.015986] ehci-pci: EHCI PCI platform driver
[   14.036738] ehci-platform: EHCI generic platform driver
[   14.039081] ohci_hcd: USB 1.1 'Open' Host Controller (OHCI) Driver
[   14.109613] ohci-pci: OHCI PCI platform driver
[   14.173712] ohci-platform: OHCI generic platform driver
[   14.199087] uhci_hcd: USB Universal Host Controller Interface driver
[   14.220658] i8042: PNP: PS/2 Controller [PNP0303:PS2K,PNP0f03:PS2M] at 0x60,0x64 irq 1,12
[   14.249400] serio: i8042 KBD port at 0x60,0x64 irq 1
[   14.266944] serio: i8042 AUX port at 0x60,0x64 irq 12
[   14.294807] mousedev: PS/2 mouse device common for all mice
[   14.341780] input: AT Translated Set 2 keyboard as /devices/platform/i8042/serio0/input/input2
[   14.434117] rtc_cmos rtc_cmos: rtc core: registered rtc_cmos as rtc0
[   14.464583] rtc_cmos rtc_cmos: alarms up to one day, 114 bytes nvram
[   14.505162] i2c /dev entries driver
[   14.574942] device-mapper: uevent: version 1.0.3
[   14.679977] device-mapper: ioctl: 4.34.0-ioctl (2015-10-28) initialised: dm-devel@redhat.com
[   14.756136] ledtrig-cpu: registered to indicate activity on CPUs
[   14.760695] NET: Registered protocol family 10
[   14.766984] NET: Registered protocol family 17
[   14.823658] Key type dns_resolver registered
[   14.859444] microcode: CPU0 sig=0x306f2, pf=0x40, revision=0x0
[   14.912795] microcode: CPU1 sig=0x306f2, pf=0x40, revision=0x0
[   14.913802] microcode: Microcode Update Driver: v2.01 <tigran@aivazian.fsnet.co.uk>, Peter Oruba
[   14.960758] registered taskstats version 1
[   14.976098] Loading compiled-in X.509 certificates
[   14.998407] Loaded X.509 cert 'Build time autogenerated kernel key: 32ca4feee90b5cde51f5f8c0e024b22f8c679982'
[   15.244763] zswap: loaded using pool lzo/zbud
[   15.262164] Key type trusted registered
[   15.267214] Key type encrypted registered
[   15.276130] AppArmor: AppArmor sha1 policy hashing enabled
[   15.309147] ima: No TPM chip found, activating TPM-bypass!
[   15.315576] evm: HMAC attrs: 0x1
[   15.317716]   Magic number: 9:468:235
[   15.362909] rtc_cmos rtc_cmos: setting system clock to 2017-03-23 15:13:16 UTC (1490281996)
[   15.418495] BIOS EDD facility v0.16 2004-Jun-25, 0 devices found
[   15.555971] EDD information not available.
[   15.608336] Freeing unused kernel memory: 1488K (ffffffff81f45000 - ffffffff820b9000)
[   15.777313] Write protecting the kernel read-only data: 14336k
[   15.859159] Freeing unused kernel memory: 1776K (ffff880001844000 - ffff880001a00000)
[   15.888324] Freeing unused kernel memory: 116K (ffff880001de3000 - ffff880001e00000)
Loading, please [   15.938425] random: systemd-udevd: uninitialized urandom read (16 bytes read, 4 bits of entropy available)
wait...
startin[   15.939907] random: udevadm: uninitialized urandom read (16 bytes read, 4 bits of entropy available)
g version 229
[   15.939940] random: udevadm: uninitialized urandom read (16 bytes read, 4 bits of entropy available)
[   15.940066] random: udevadm: uninitialized urandom read (16 bytes read, 4 bits of entropy available)
[   15.940095] random: udevadm: uninitialized urandom read (16 bytes read, 4 bits of entropy available)
[   15.940126] random: udevadm: uninitialized urandom read (16 bytes read, 4 bits of entropy available)
[   15.940155] random: udevadm: uninitialized urandom read (16 bytes read, 4 bits of entropy available)
[   15.940204] random: udevadm: uninitialized urandom read (16 bytes read, 4 bits of entropy available)
[   15.940251] random: udevadm: uninitialized urandom read (16 bytes read, 4 bits of entropy available)
[   15.940284] random: udevadm: uninitialized urandom read (16 bytes read, 4 bits of entropy available)
[   16.565645] e1000: Intel(R) PRO/1000 Network Driver - version 7.3.21-k8-NAPI
[   16.602744] e1000: Copyright (c) 1999-2006 Intel Corporation.
[   16.620988] Fusion MPT base driver 3.04.20
[   16.627770] Copyright (c) 1999-2008 LSI Corporation
[   16.630748] AVX version of gcm_enc/dec engaged.
[   16.672834] AES CTR mode by8 optimization enabled
[   16.682992] Fusion MPT SPI Host driver 3.04.20
[   16.819649] input: ImExPS/2 Generic Explorer Mouse as /devices/platform/i8042/serio1/input/input4
[   17.003809] e1000 0000:00:03.0 eth0: (PCI:33MHz:32-bit) 02:a5:4d:55:cc:47
[   17.040501] e1000 0000:00:03.0 eth0: Intel(R) PRO/1000 Network Connection
[   17.460076] e1000 0000:00:08.0 eth1: (PCI:33MHz:32-bit) 08:00:27:a8:70:03
[   17.473289] e1000 0000:00:08.0 eth1: Intel(R) PRO/1000 Network Connection
[   17.485248] e1000 0000:00:03.0 enp0s3: renamed from eth0
[   17.495827] mptbase: ioc0: Initiating bringup
[   17.586920] e1000 0000:00:08.0 enp0s8: renamed from eth1
[   17.634397] ioc0: LSI53C1030 A0: Capabilities={Initiator}
[   17.803433] scsi host2: ioc0: LSI53C1030 A0, FwRev=00000000h, Ports=1, MaxQ=256, IRQ=20
[   17.962657] scsi 2:0:0:0: Direct-Access     VBOX     HARDDISK         1.0  PQ: 0 ANSI: 5
[   17.980046] scsi target2:0:0: Beginning Domain Validation
[   18.033111] scsi target2:0:0: Domain Validation skipping write tests
[   18.065660] scsi target2:0:0: Ending Domain Validation
[   18.188885] scsi target2:0:0: asynchronous
[   18.301071] scsi 2:0:1:0: Direct-Access     VBOX     HARDDISK         1.0  PQ: 0 ANSI: 5
[   18.313412] scsi target2:0:1: Beginning Domain Validation
[   18.376393] scsi target2:0:1: Domain Validation skipping write tests
[   18.386411] scsi target2:0:1: Ending Domain Validation
[   18.435983] scsi target2:0:1: asynchronous
[   18.447365] sd 2:0:0:0: Attached scsi generic sg0 type 0
[   18.453352] sd 2:0:0:0: [sda] 20971520 512-byte logical blocks: (10.7 GB/10.0 GiB)
[   18.470674] sd 2:0:1:0: Attached scsi generic sg1 type 0
[   18.471553] sd 2:0:1:0: [sdb] 20480 512-byte logical blocks: (10.5 MB/10.0 MiB)
[   18.471575] sd 2:0:0:0: [sda] Write Protect is off
[   18.471711] sd 2:0:0:0: [sda] Incomplete mode parameter data
[   18.471713] sd 2:0:0:0: [sda] Assuming drive cache: write through
[   18.471787] sd 2:0:1:0: [sdb] Write Protect is off
[   18.472276] sd 2:0:1:0: [sdb] Incomplete mode parameter data
[   18.472278] sd 2:0:1:0: [sdb] Assuming drive cache: write through
[   18.473555]  sda: sda1
[   18.475257] sd 2:0:0:0: [sda] Attached SCSI disk
[   18.475460] sd 2:0:1:0: [sdb] Attached SCSI disk
[   19.634408] floppy0: no floppy controllers found
Begin: Loading essential drivers ... [   20.998744] md: linear personality registered for level -1
[   21.025186] md: multipath personality registered for level -4
[   21.173301] md: raid0 personality registered for level 0
[   21.197646] md: raid1 personality registered for level 1
[   21.390139] raid6: sse2x1   gen()  9275 MB/s
[   21.518350] raid6: sse2x1   xor()  7484 MB/s
[   21.597971] raid6: sse2x2   gen() 12049 MB/s
[   21.738186] raid6: sse2x2   xor()  9233 MB/s
[   21.909955] raid6: sse2x4   gen() 15711 MB/s
[   22.006076] raid6: sse2x4   xor() 10913 MB/s
[   22.039114] raid6: using algorithm sse2x4 gen() 15711 MB/s
[   22.052533] raid6: .... xor() 10913 MB/s, rmw enabled
[   22.135028] raid6: using ssse3x2 recovery algorithm
[   22.197480] xor: automatically using best checksumming function:
[   22.261993]    avx       : 21534.000 MB/sec
[   22.332915] async_tx: api initialized (async)
[   22.358163] md: raid6 personality registered for level 6
[   22.425422] md: raid5 personality registered for level 5
[   22.510422] md: raid4 personality registered for level 4
[   22.524231] md: raid10 personality registered for level 10
done.
Begin: Running /scripts/init-premount ... done.
Begin: Mounting root file system ... Begin: Running /scripts/local-top ... done[   22.579223] Btrfs loaded
.
Begin: Running /scripts/local-premount ... Scanning for Btrfs filesystems
done.
Warning: fsck no[   22.620803] EXT4-fs (sda1): INFO: recovery required on readonly filesystem
t present, so skipping root file system
[   22.642626] EXT4-fs (sda1): write access will be enabled during recovery
[   22.739774] EXT4-fs (sda1): orphan cleanup on readonly fs
[   22.858530] EXT4-fs (sda1): 26 orphan inodes deleted
[   22.872937] EXT4-fs (sda1): recovery complete
[   22.877158] EXT4-fs (sda1): mounted filesystem with ordered data mode. Opts: (null)
done.
Begin: Running /scripts/local-bottom ... done.
Begin: Running /scripts/init-bottom ... done.
[   23.088694] systemd[1]: systemd 229 running in system mode. (+PAM +AUDIT +SELINUX +IMA +APPARMOR +SMACK +SYSVINIT +UTMP +LIBCRYPTSETUP +GCRYPT +GNUTLS +ACL +XZ -LZ4 +SECCOMP +BLKID +ELFUTILS +KMOD -IDN)
[   23.386763] systemd[1]: Detected virtualization oracle.
[   23.416376] systemd[1]: Detected architecture x86-64.

Welcome to [1mUbuntu 16.04.2 LTS[0m!

[   23.426791] systemd[1]: Set hostname to <ubuntu-xenial>.
[   23.561464] systemd[1]: Configuration file /etc/systemd/system/pm2.service is marked executable. Please remove executable permission bits. Proceeding anyway.
[   23.761941] systemd[1]: Listening on udev Control Socket.
[[0;32m  OK  [0m] Listening on udev Control Socket.
[   23.832397] systemd[1]: Created slice User and Session Slice.
[[0;32m  OK  [0m] Created slice User and Session Slice.
[   23.863589] systemd[1]: Created slice System Slice.
[[0;32m  OK  [0m] Created slice System Slice.
[   23.923237] systemd[1]: Created slice system-postgresql.slice.
[[0;32m  OK  [0m] Created slice system-postgresql.slice.
[   23.933560] systemd[1]: Set up automount Arbitrary Executable File Formats File System Automount Point.
[[0;32m  OK  [0m] Set up automount Arbitrary Executab...ats File System Automount Point.
[   24.038466] systemd[1]: Started Forward Password Requests to Wall Directory Watch.
[[0;32m  OK  [0m] Started Forward Password Requests to Wall Directory Watch.
[   24.158266] systemd[1]: Listening on /dev/initctl Compatibility Named Pipe.
[[0;32m  OK  [0m] Listening on /dev/initctl Compatibility Named Pipe.
[   24.182223] systemd[1]: Listening on Journal Audit Socket.
[[0;32m  OK  [0m] Listening on Journal Audit Socket.
[   24.208791] systemd[1]: Reached target Encrypted Volumes.
[[0;32m  OK  [0m] Reached target Encrypted Volumes.
[   24.233318] systemd[1]: Reached target Swap.
[[0;32m  OK  [0m] Reached target Swap.
[   24.270275] systemd[1]: Listening on Syslog Socket.
[[0;32m  OK  [0m] Listening on Syslog Socket.
[   24.326377] systemd[1]: Listening on LVM2 metadata daemon socket.
[[0;32m  OK  [0m] Listening on LVM2 metadata daemon socket.
[   24.362571] systemd[1]: Listening on Journal Socket (/dev/log).
[[0;32m  OK  [0m] Listening on Journal Socket (/dev/log).
[   24.414521] systemd[1]: Listening on Journal Socket.
[[0;32m  OK  [0m] Listening on Journal Socket.
[   24.450502] systemd[1]: Starting Set console keymap...
         Starting Set console keymap...
[   24.479088] systemd[1]: Starting Uncomplicated firewall...
[   24.489532] random: nonblocking pool is initialized
         Starting Uncomplicated firewall...
[   24.525514] systemd[1]: Starting Load Kernel Modules...
[   24.543389] Loading iSCSI transport class v2.0-870.
         Starting Load Kernel Modules...
[   24.634461] iscsi: registered transport (tcp)
[   24.736568] systemd[1]: Mounting Debug File System...
         Mounting Debug File System...
[   24.803242] systemd[1]: Starting Create list of required static device nodes for the current kernel...
         Starting Create list of required st... nodes for the current kernel...[   24.830725] iscsi: registered transport (iser)

[   24.875792] systemd[1]: Starting Nameserver information manager...
         Starting Nameserver information manager...
[   24.922368] systemd[1]: Starting Remount Root and Kernel File Systems...
[   24.924899] EXT4-fs (sda1): re-mounted. Opts: (null)
         Starting Remount Root and Kernel File Systems...
[   25.088789] systemd[1]: Reached target User and Group Name Lookups.
[[0;32m  OK  [0m] Reached target User and Group Name Lookups.
[   25.137188] systemd[1]: Reached target Slices.
[[0;32m  OK  [0m] Reached target Slices.
[   25.141956] systemd[1]: Listening on LVM2 poll daemon socket.
[[0;32m  OK  [0m] Listening on LVM2 poll daemon socket.
[   25.174125] systemd[1]: Starting Journal Service...
         Starting Journal Service...
[   25.220451] systemd[1]: Mounting POSIX Message Queue File System...
         Mounting POSIX Message Queue File System...
[   25.302403] systemd[1]: Listening on Device-mapper event daemon FIFOs.
[[0;32m  OK  [0m] Listening on Device-mapper event daemon FIFOs.
[   25.350297] systemd[1]: Mounting Huge Pages File System...
         Mounting Huge Pages File System...
[   25.506368] systemd[1]: Listening on udev Kernel Socket.
[[0;32m  OK  [0m] Listening on udev Kernel Socket.
[   25.538103] systemd[1]: Starting Monitoring of LVM2 mirrors, snapshots etc. using dmeventd or progress polling...
         Starting Monitoring of LVM2 mirrors... dmeventd or progress polling...
[   25.693792] systemd[1]: Created slice system-serial\x2dgetty.slice.
[[0;32m  OK  [0m] Created slice system-serial\x2dgetty.slice.
[   25.847749] systemd[1]: Mounted POSIX Message Queue File System.
[[0;32m  OK  [0m] Mounted POSIX Message Queue File System.
[   25.918557] systemd[1]: Mounted Debug File System.
[[0;32m  OK  [0m] Mounted Debug File System.
[   25.942566] systemd[1]: Mounted Huge Pages File System.
[[0;32m  OK  [0m] Mounted Huge Pages File System.
[   25.994591] systemd[1]: Started Journal Service.
[[0;32m  OK  [0m] Started Journal Service.
[[0;32m  OK  [0m] Started Set console keymap.
[[0;32m  OK  [0m] Started Uncomplicated firewall.
[[0;32m  OK  [0m] Started Load Kernel Modules.
[[0;32m  OK  [0m] Started Create list of required sta...ce nodes for the current kernel.
[[0;32m  OK  [0m] Started Remount Root and Kernel File Systems.
[[0;32m  OK  [0m] Started Nameserver information manager.
[[0;32m  OK  [0m] Started LVM2 metadata daemon.
         Starting Load/Save Random Seed...
         Starting udev Coldplug all Devices...
         Starting Initial cloud-init job (pre-networking)...
         Starting Create Static Device Nodes in /dev...
         Starting Apply Kernel Variables...
         Mounting FUSE Control File System...
         Starting Flush Journal to Persistent Storage...
[[0;32m  OK  [0m] Mounted FUSE Control File System.
[[0;32m  OK  [0m] Started Load/Save Random Seed.
[[0;32m  OK  [0m] Started Create Static Device Nodes in /dev.
[[0;32m  OK  [0m] Started Apply Kernel Variables.
[[0;32m  OK  [0m] Started udev Coldplug all Devices.
[[0;32m  OK  [0m] Started Flush Journal to Persistent Storage.
         Starting udev Kernel Device Manager...
[[0;32m  OK  [0m] Started Monitoring of LVM2 mirrors,...ng dmeventd or progress polling.
[[0;32m  OK  [0m] Started udev Kernel Device Manager.
[[0;32m  OK  [0m] Started Dispatch Password Requests to Console Directory Watch.
[[0;32m  OK  [0m] Reached target Local File Systems (Pre).
[[0;32m  OK  [0m] Reached target Local File Systems.
         Starting Create Volatile Files and Directories...
         Starting Set console font and keymap...
         Starting Tell Plymouth To Write Out Runtime Data...
         Starting LSB: AppArmor initialization...
[[0;32m  OK  [0m] Started Create Volatile Files and Directories.
[[0;32m  OK  [0m] Started Tell Plymouth To Write Out Runtime Data.
[[0;32m  OK  [0m] Found device /dev/ttyS0.
         Starting Update UTMP about System Boot/Shutdown...
[[0;32m  OK  [0m] Reached target System Time Synchronized.
[[0;32m  OK  [0m] Started LSB: AppArmor initialization.
[[0;32m  OK  [0m] Started Update UTMP about System Boot/Shutdown.
[[0;32m  OK  [0m] Found device 82540EM Gigabit Ethern...r (PRO/1000 MT Desktop Adapter).
[   17.498648] cloud-init[483]: Cloud-init v. 0.7.9 running 'init-local' at Thu, 23 Mar 2017 15:13:28 +0000. Up 17.16 seconds.
[[0;32m  OK  [0m] Started Set console font and keymap.
[[0;32m  OK  [0m] Started Initial cloud-init job (pre-networking).
[[0;32m  OK  [0m] Listening on Load/Save RF Kill Switch Status /dev/rfkill Watch.
[[0;32m  OK  [0m] Reached target Network (Pre).
[[0;32m  OK  [0m] Started ifup for enp0s8.
         Starting Raise network interfaces...
[[0;32m  OK  [0m] Started ifup for enp0s3.
[[0;32m  OK  [0m] Created slice system-getty.slice.
[[0;32m  OK  [0m] Started Raise network interfaces.
[[0;32m  OK  [0m] Reached target Network.
         Starting Initial cloud-init job (metadata service crawler)...
[   20.498254] cloud-init[1174]: Cloud-init v. 0.7.9 running 'init' at Thu, 23 Mar 2017 15:13:31 +0000. Up 20.30 seconds.
[   20.520496] cloud-init[1174]: ci-info: ++++++++++++++++++++++++++++++++++++++Net device info++++++++++++++++++++++++++++++++++++++
[   20.552338] cloud-init[1174]: ci-info: +--------+------+-----------------------------+---------------+-------+-------------------+
[   20.552616] cloud-init[1174]: ci-info: | Device |  Up  |           Address           |      Mask     | Scope |     Hw-Address    |
[[0;32m  OK  [0m] Started Initial cloud-init job (metadata service crawler).
[   20.552790] cloud-init[1174]: ci-info: +--------+------+-----------------------------+---------------+-------+-------------------+
[   20.676545] cloud-init[1174]: ci-info: | enp0s8 | True |         172.28.128.3        | 255.255.255.0 |   .   | 08:00:27:a8:70:03 |
[   20.676785] cloud-init[1174]: ci-info: | enp0s8 | True | fe80::a00:27ff:fea8:7003/64 |       .       |  link | 08:00:27:a8:70:03 |
[[0;32m  OK  [0m] Reached target System Initialization.
[   20.676918] cloud-init[1174]: ci-info: |   lo   | True |          127.0.0.1          |   255.0.0.0   |   .   |         .         |
[   20.775171] cloud-init[1174]: ci-info: |   lo   | True |           ::1/128           |       .       |  host |         .         |
[   20.775380] cloud-init[1174]: ci-info: | enp0s3 | True |          10.0.2.15          | 255.255.255.0 |   .   | 02:a5:4d:55:cc:47 |
[[0;32m  OK  [0m] Listening on UUID daemon activation socket.
[   20.775616] cloud-init[1174]: ci-info: | enp0s3 | True |  fe80::a5:4dff:fe55:cc47/64 |       .       |  link | 02:a5:4d:55:cc:47 |
[   20.956471] cloud-init[1174]: ci-info: +--------+------+-----------------------------+---------------+-------+-------------------+
[   20.956695] cloud-init[1174]: ci-info: ++++++++++++++++++++++++++++Route IPv4 info++++++++++++++++++++++++++++
[[0;32m  OK  [0m] Started Timer to automatically refresh installed snaps.
[   20.956799] cloud-init[1174]: ci-info: +-------+--------------+----------+---------------+-----------+-------+
[   21.041111] cloud-init[1174]: ci-info: | Route | Destination  | Gateway  |    Genmask    | Interface | Flags |
[   21.041723] cloud-init[1174]: ci-info: +-------+--------------+----------+---------------+-----------+-------+
[   21.042050] cloud-init[1174]: ci-info: |   0   |   0.0.0.0    | 10.0.2.2 |    0.0.0.0    |   enp0s3  |   UG  |
[[0;32m  OK  [0m] Listening on D-Bus System Message Bus Socket.
[   21.042380] cloud-init[1174]: ci-info: |   1   |   10.0.2.0   | 0.0.0.0  | 255.255.255.0 |   enp0s3  |   U   |
[   21.164783] cloud-init         [1174]: Starting Socket activation for snappy daemon.ci-info: |   2   | 172.28.128.0 | 0.0.0.0  | 255.255.255.0 |   enp0s8  |   U   |

[   21.276855] cloud-init[1174]: ci-info: +-------+--------------+----------+---------------+-----------+-------+
[[0;32m  OK  [0m] Started Daily apt activities.
[[0;32m  OK  [0m] Started Daily Cleanup of Temporary Directories.
[[0;32m  OK  [0m] Reached target Timers.
         Starting LXD - unix socket.
[[0;32m  OK  [0m] Started Trigger resolvconf update for networkd DNS.
[[0;32m  OK  [0m] Started ACPI Events Check.
[[0;32m  OK  [0m] Reached target Paths.
[[0;32m  OK  [0m] Listening on ACPID Listen Socket.
[[0;32m  OK  [0m] Reached target Cloud-config availability.
[[0;32m  OK  [0m] Reached target Network is Online.
         Starting iSCSI initiator daemon (iscsid)...
[[0;32m  OK  [0m] Listening on Socket activation for snappy daemon.
[[0;32m  OK  [0m] Listening on LXD - unix socket.
[[0;32m  OK  [0m] Reached target Sockets.
[[0;32m  OK  [0m] Reached target Basic System.
         Starting MySQL Community Server...
[[0;32m  OK  [0m] Started PM2 process manager.
[[0;32m  OK  [0m] Started ACPI event daemon.
         Starting A high performance web server and a reverse proxy server...
[[0;32m  OK  [0m] Started Regular background program processing daemon.
         Starting The PHP 7.0 FastCGI Process Manager...
         Starting LXD - container startup/shutdown...
         Starting OpenBSD Secure Shell server...
[[0;32m  OK  [0m] Started Deferred execution scheduler.
         Starting Accounts Service...
[[0;32m  OK  [0m] Started D-Bus System Message Bus.
         Starting LSB: Record successful boot for GRUB...
         Starting PostgreSQL Cluster 9.5-main...
[[0;32m  OK  [0m] Started FUSE filesystem for LXC.
         Starting Apply the settings specified in cloud-config...
         Starting LSB: MD monitoring daemon...
         Starting /etc/rc.local Compatibility...
         Starting System Logging Service...
         Starting Elasticsearch...
         Starting Login Service...
[[0;32m  OK  [0m] Started Snappy daemon.
         Starting Auto import assertions from block devices...
[[0;32m  OK  [0m] Started OpenBSD Secure Shell server.
[[0;32m  OK  [0m] Started System Logging Service.
[[0;32m  OK  [0m] Started iSCSI initiator daemon (iscsid).
[[0;32m  OK  [0m] Started LXD - container startup/shutdown.
[[0;32m  OK  [0m] Started /etc/rc.local Compatibility.
[[0;32m  OK  [0m] Started Elasticsearch.
[[0;32m  OK  [0m] Started Auto import assertions from block devices.
[[0;32m  OK  [0m] Started A high performance web server and a reverse proxy server.
[[0;32m  OK  [0m] Started The PHP 7.0 FastCGI Process Manager.
[[0;32m  OK  [0m] Started LSB: Record successful boot for GRUB.
         Starting Authenticate and Authorize Users to Run Privileged Tasks...
         Starting Login to default iSCSI targets...
[[0;32m  OK  [0m] Started LSB: MD monitoring daemon.
[[0;32m  OK  [0m] Started Login Service.
[[0;32m  OK  [0m] Started Authenticate and Authorize Users to Run Privileged Tasks.
[[0;32m  OK  [0m] Started Accounts Service.
[[0;32m  OK  [0m] Started Login to default iSCSI targets.
[[0;32m  OK  [0m] Reached target Remote File Systems (Pre).
[[0;32m  OK  [0m] Reached target Remote File Systems.
[   22.464122] cloud-init[1287]: Cloud-init v. 0.7.9 running 'modules:config' at Thu, 23 Mar 2017 15:13:33 +0000. Up 22.29 seconds.
         Starting LSB: Start/stop sysstat's sadc...
         Starting LSB: Set the CPU Frequency Scaling governor to "ondemand"...
         Starting Permit User Sessions...
         Starting LSB: Apache2 web server...
         Starting LSB: daemon to balance interrupts for SMP systems...
         Starting LSB: VirtualBox Linux Additions...
         Starting LSB: automatic crash report generation...
[[0;32m  OK  [0m] Started Apply the settings specified in cloud-config.
[[0;32m  OK  [0m] Started Permit User Sessions.
         Starting Hold until boot process finishes up...
         Starting Terminate Plymouth Boot Screen...
[[0;32m  OK  [0m] Started LSB: Start/stop sysstat's sadc.
[[0;32m  OK  [0m] Started LSB: Set the CPU Frequency Scaling governor to "ondemand".
[[0;32m  OK  [0m] Started LSB: daemon to balance interrupts for SMP systems.
[[0;32m  OK  [0m] Started Hold until boot process finishes up.
[[0;32m  OK  [0m] Started Terminate Plymouth Boot Screen.
[[0;32m  OK  [0m] Started LSB: VirtualBox Linux Additions.
         Starting Set console scheme...
[[0;32m  OK  [0m] Started Getty on tty1.
[[0;32m  OK  [0m] Started Serial Getty on ttyS0.
[[0;32m  OK  [0m] Reached target Login Prompts.
[[0;32m  OK  [0m] Started Set console scheme.
[[0;32m  OK  [0m] Created slice User Slice of ubuntu.
[[0;32m  OK  [0m] Started Session 1 of user ubuntu.
         Starting User Manager for UID 1000...
[[0;32m  OK  [0m] Started LSB: automatic crash report generation.
[[0;32m  OK  [0m] Started User Manager for UID 1000.
[[0;32m  OK  [0m] Started LSB: Apache2 web server.
[[0;32m  OK  [0m] Started MySQL Community Server.
[[0;32m  OK  [0m] Started PostgreSQL Cluster 9.5-main.
         Starting PostgreSQL RDBMS...
[[0;32m  OK  [0m] Started PostgreSQL RDBMS.
[[0;32m  OK  [0m] Reached target Multi-User System.
         Starting Execute cloud user/final scripts...
[[0;32m  OK  [0m] Reached target Graphical Interface.
         Starting Update UTMP about System Runlevel Changes...
[[0;32m  OK  [0m] Started Update UTMP about System Runlevel Changes.
[   24.758877] cloud-init[1734]: Cloud-init v. 0.7.9 running 'modules:final' at Thu, 23 Mar 2017 15:13:35 +0000. Up 24.65 seconds.
[   24.828334] [[0;32m  OK  [0m] Started Execute cloud user/final scripts.
cloud-init[1734]: Cloud-init v. 0.7.9 finished at Thu, 23 Mar 2017 15:13:35 +0000. Datasource DataSourceNoCloud [seed=/dev/sdb][dsmode=net].  Up 24.75 seconds
[[0;32m  OK  [0m] Reached target Cloud-init target.

Ubuntu 16.04.2 LTS ubuntu-xenial ttyS0

ubuntu-xenial login: 